app/build/intermediates/manifest_merge_blame_file/release/processReleaseMainManifest/manifest-merger-blame-release-report.txt
1<?xml version="1.0" encoding="utf-8"?>
2<manifest xmlns:android="http://schemas.android.com/apk/res/android"
3    package="com.penji.musicplayer.offline"
4    android:versionCode="100005"
5    android:versionName="1.0.5" >
6
7    <uses-sdk
8        android:minSdkVersion="26"
9        android:targetSdkVersion="35" />
10
11    <!-- Audio file access -->
12    <uses-permission android:name="android.permission.READ_MEDIA_AUDIO" />
12-->src/main/AndroidManifest.xml:6:5-75
12-->src/main/AndroidManifest.xml:6:22-72
13    <uses-permission
13-->src/main/AndroidManifest.xml:7:5-9:38
14        android:name="android.permission.READ_EXTERNAL_STORAGE"
14-->src/main/AndroidManifest.xml:8:9-64
15        android:maxSdkVersion="32" />
15-->src/main/AndroidManifest.xml:9:9-35
16
17    <!-- Notifications (Android 13+) -->
18    <uses-permission android:name="android.permission.POST_NOTIFICATIONS" />
18-->src/main/AndroidManifest.xml:12:5-77
18-->src/main/AndroidManifest.xml:12:22-74
19
20    <!-- Network -->
21    <uses-permission android:name="android.permission.INTERNET" />
21-->src/main/AndroidManifest.xml:15:5-67
21-->src/main/AndroidManifest.xml:15:22-64
22
23    <!-- Advertising ID -->
24    <uses-permission android:name="com.google.android.gms.permission.AD_ID" />
24-->src/main/AndroidManifest.xml:18:5-79
24-->src/main/AndroidManifest.xml:18:22-76
25
26    <!-- Background playback -->
27    <uses-permission android:name="android.permission.FOREGROUND_SERVICE" />
27-->src/main/AndroidManifest.xml:21:5-77
27-->src/main/AndroidManifest.xml:21:22-74
28    <uses-permission android:name="android.permission.FOREGROUND_SERVICE_MEDIA_PLAYBACK" />
28-->src/main/AndroidManifest.xml:22:5-92
28-->src/main/AndroidManifest.xml:22:22-89
29    <uses-permission android:name="android.permission.WAKE_LOCK" />
29-->src/main/AndroidManifest.xml:23:5-68
29-->src/main/AndroidManifest.xml:23:22-65
30
31    <!-- Boot receiver -->
32    <uses-permission android:name="android.permission.RECEIVE_BOOT_COMPLETED" />
32-->src/main/AndroidManifest.xml:26:5-81
32-->src/main/AndroidManifest.xml:26:22-78
33    <uses-permission android:name="android.permission.ACCESS_NETWORK_STATE" />
33-->[androidx.media3:media3-common:1.3.1] AndroidManifest.xml:22:5-79
33-->[androidx.media3:media3-common:1.3.1] AndroidManifest.xml:22:22-76
34
35    <permission
35-->[androidx.core:core:1.13.1] AndroidManifest.xml:22:5-24:47
36        android:name="com.penji.musicplayer.offline.DYNAMIC_RECEIVER_NOT_EXPORTED_PERMISSION"
36-->[androidx.core:core:1.13.1] AndroidManifest.xml:23:9-81
37        android:protectionLevel="signature" />
37-->[androidx.core:core:1.13.1] AndroidManifest.xml:24:9-44
38
39    <uses-permission android:name="com.penji.musicplayer.offline.DYNAMIC_RECEIVER_NOT_EXPORTED_PERMISSION" />
39-->[androidx.core:core:1.13.1] AndroidManifest.xml:26:5-97
39-->[androidx.core:core:1.13.1] AndroidManifest.xml:26:22-94
40
41    <application
41-->src/main/AndroidManifest.xml:28:5-116:19
42        android:name="com.app.musicplayer.MusicPlayerApplication"
42-->src/main/AndroidManifest.xml:29:9-66
43        android:allowBackup="true"
43-->src/main/AndroidManifest.xml:30:9-35
44        android:appComponentFactory="androidx.core.app.CoreComponentFactory"
44-->[androidx.core:core:1.13.1] AndroidManifest.xml:28:18-86
45        android:extractNativeLibs="false"
45-->src/main/AndroidManifest.xml:31:9-42
46        android:icon="@mipmap/ic_launcher"
46-->src/main/AndroidManifest.xml:32:9-43
47        android:label="@string/app_name"
47-->src/main/AndroidManifest.xml:33:9-41
48        android:localeConfig="@xml/locales_config"
48-->src/main/AndroidManifest.xml:36:9-51
49        android:roundIcon="@mipmap/ic_launcher_round"
49-->src/main/AndroidManifest.xml:34:9-54
50        android:supportsRtl="true"
50-->src/main/AndroidManifest.xml:35:9-35
51        android:theme="@style/Theme.MusicPlayer" >
51-->src/main/AndroidManifest.xml:37:9-49
52        <activity
52-->src/main/AndroidManifest.xml:40:9-49:20
53            android:name="com.app.musicplayer.MainActivity"
53-->src/main/AndroidManifest.xml:41:13-60
54            android:configChanges="orientation|screenSize|screenLayout|keyboardHidden"
54-->src/main/AndroidManifest.xml:43:13-87
55            android:exported="true"
55-->src/main/AndroidManifest.xml:42:13-36
56            android:windowSoftInputMode="adjustResize" >
56-->src/main/AndroidManifest.xml:44:13-55
57            <intent-filter>
57-->src/main/AndroidManifest.xml:45:13-48:29
58                <action android:name="android.intent.action.MAIN" />
58-->src/main/AndroidManifest.xml:46:17-69
58-->src/main/AndroidManifest.xml:46:25-66
59
60                <category android:name="android.intent.category.LAUNCHER" />
60-->src/main/AndroidManifest.xml:47:17-77
60-->src/main/AndroidManifest.xml:47:27-74
61            </intent-filter>
62        </activity>
63
64        <!-- AppCompat auto-store locale for per-app language on API < 33 -->
65        <service
65-->src/main/AndroidManifest.xml:52:9-59:19
66            android:name="androidx.appcompat.app.AppLocalesMetadataHolderService"
66-->src/main/AndroidManifest.xml:53:13-82
67            android:enabled="false"
67-->src/main/AndroidManifest.xml:54:13-36
68            android:exported="false" >
68-->src/main/AndroidManifest.xml:55:13-37
69            <meta-data
69-->src/main/AndroidManifest.xml:56:13-58:40
70                android:name="autoStoreLocales"
70-->src/main/AndroidManifest.xml:57:17-48
71                android:value="true" />
71-->src/main/AndroidManifest.xml:58:17-37
72        </service>
73
74        <!-- Media Playback Service -->
75        <service
75-->src/main/AndroidManifest.xml:62:9-69:19
76            android:name="com.app.musicplayer.core.media.MusicPlaybackService"
76-->src/main/AndroidManifest.xml:63:13-79
77            android:exported="true"
77-->src/main/AndroidManifest.xml:64:13-36
78            android:foregroundServiceType="mediaPlayback" >
78-->src/main/AndroidManifest.xml:65:13-58
79            <intent-filter>
79-->src/main/AndroidManifest.xml:66:13-68:29
80                <action android:name="androidx.media3.session.MediaSessionService" />
80-->src/main/AndroidManifest.xml:67:17-86
80-->src/main/AndroidManifest.xml:67:25-83
81            </intent-filter>
82        </service>
83
84        <!-- Boot Receiver -->
85        <receiver
85-->src/main/AndroidManifest.xml:72:9-79:20
86            android:name="com.app.musicplayer.receiver.BootReceiver"
86-->src/main/AndroidManifest.xml:73:13-69
87            android:enabled="true"
87-->src/main/AndroidManifest.xml:74:13-35
88            android:exported="true" >
88-->src/main/AndroidManifest.xml:75:13-36
89            <intent-filter>
89-->src/main/AndroidManifest.xml:76:13-78:29
90                <action android:name="android.intent.action.BOOT_COMPLETED" />
90-->src/main/AndroidManifest.xml:77:17-79
90-->src/main/AndroidManifest.xml:77:25-76
91            </intent-filter>
92        </receiver>
93
94        <!-- Widget 4x2 -->
95        <receiver
95-->src/main/AndroidManifest.xml:82:9-91:20
96            android:name="com.app.musicplayer.feature.widget.MusicWidget4x2Receiver"
96-->src/main/AndroidManifest.xml:83:13-85
97            android:exported="true" >
97-->src/main/AndroidManifest.xml:84:13-36
98            <intent-filter>
98-->src/main/AndroidManifest.xml:85:13-87:29
99                <action android:name="android.appwidget.action.APPWIDGET_UPDATE" />
99-->src/main/AndroidManifest.xml:86:17-84
99-->src/main/AndroidManifest.xml:86:25-81
100            </intent-filter>
101
102            <meta-data
102-->src/main/AndroidManifest.xml:88:13-90:60
103                android:name="android.appwidget.provider"
103-->src/main/AndroidManifest.xml:89:17-58
104                android:resource="@xml/music_widget_4x2" />
104-->src/main/AndroidManifest.xml:90:17-57
105        </receiver>
106
107        <!-- Widget 4x1 -->
108        <receiver
108-->src/main/AndroidManifest.xml:94:9-103:20
109            android:name="com.app.musicplayer.feature.widget.MusicWidget4x1Receiver"
109-->src/main/AndroidManifest.xml:95:13-85
110            android:exported="true" >
110-->src/main/AndroidManifest.xml:96:13-36
111            <intent-filter>
111-->src/main/AndroidManifest.xml:85:13-87:29
112                <action android:name="android.appwidget.action.APPWIDGET_UPDATE" />
112-->src/main/AndroidManifest.xml:86:17-84
112-->src/main/AndroidManifest.xml:86:25-81
113            </intent-filter>
114
115            <meta-data
115-->src/main/AndroidManifest.xml:88:13-90:60
116                android:name="android.appwidget.provider"
116-->src/main/AndroidManifest.xml:89:17-58
117                android:resource="@xml/music_widget_4x1" />
117-->src/main/AndroidManifest.xml:90:17-57
118        </receiver>
119
120        <!-- FileProvider for sharing music files -->
121        <provider
122            android:name="androidx.core.content.FileProvider"
122-->src/main/AndroidManifest.xml:107:13-62
123            android:authorities="com.penji.musicplayer.offline.fileprovider"
123-->src/main/AndroidManifest.xml:108:13-64
124            android:exported="false"
124-->src/main/AndroidManifest.xml:109:13-37
125            android:grantUriPermissions="true" >
125-->src/main/AndroidManifest.xml:110:13-47
126            <meta-data
126-->src/main/AndroidManifest.xml:111:13-113:54
127                android:name="android.support.FILE_PROVIDER_PATHS"
127-->src/main/AndroidManifest.xml:112:17-67
128                android:resource="@xml/file_paths" />
128-->src/main/AndroidManifest.xml:113:17-51
129        </provider>
130        <provider
130-->[androidx.emoji2:emoji2:1.3.0] AndroidManifest.xml:24:9-32:20
131            android:name="androidx.startup.InitializationProvider"
131-->[androidx.emoji2:emoji2:1.3.0] AndroidManifest.xml:25:13-67
132            android:authorities="com.penji.musicplayer.offline.androidx-startup"
132-->[androidx.emoji2:emoji2:1.3.0] AndroidManifest.xml:26:13-68
133            android:exported="false" >
133-->[androidx.emoji2:emoji2:1.3.0] AndroidManifest.xml:27:13-37
134            <meta-data
134-->[androidx.emoji2:emoji2:1.3.0] AndroidManifest.xml:29:13-31:52
135                android:name="androidx.emoji2.text.EmojiCompatInitializer"
135-->[androidx.emoji2:emoji2:1.3.0] AndroidManifest.xml:30:17-75
136                android:value="androidx.startup" />
136-->[androidx.emoji2:emoji2:1.3.0] AndroidManifest.xml:31:17-49
137            <meta-data
137-->[androidx.lifecycle:lifecycle-process:2.8.0] AndroidManifest.xml:29:13-31:52
138                android:name="androidx.lifecycle.ProcessLifecycleInitializer"
138-->[androidx.lifecycle:lifecycle-process:2.8.0] AndroidManifest.xml:30:17-78
139                android:value="androidx.startup" />
139-->[androidx.lifecycle:lifecycle-process:2.8.0] AndroidManifest.xml:31:17-49
140            <meta-data
140-->[androidx.profileinstaller:profileinstaller:1.3.1] AndroidManifest.xml:29:13-31:52
141                android:name="androidx.profileinstaller.ProfileInstallerInitializer"
141-->[androidx.profileinstaller:profileinstaller:1.3.1] AndroidManifest.xml:30:17-85
142                android:value="androidx.startup" />
142-->[androidx.profileinstaller:profileinstaller:1.3.1] AndroidManifest.xml:31:17-49
143        </provider>
144
145        <service
145-->[androidx.room:room-runtime:2.6.1] AndroidManifest.xml:24:9-28:63
146            android:name="androidx.room.MultiInstanceInvalidationService"
146-->[androidx.room:room-runtime:2.6.1] AndroidManifest.xml:25:13-74
147            android:directBootAware="true"
147-->[androidx.room:room-runtime:2.6.1] AndroidManifest.xml:26:13-43
148            android:exported="false" />
148-->[androidx.room:room-runtime:2.6.1] AndroidManifest.xml:27:13-37
149
150        <receiver
150-->[androidx.profileinstaller:profileinstaller:1.3.1] AndroidManifest.xml:34:9-52:20
151            android:name="androidx.profileinstaller.ProfileInstallReceiver"
151-->[androidx.profileinstaller:profileinstaller:1.3.1] AndroidManifest.xml:35:13-76
152            android:directBootAware="false"
152-->[androidx.profileinstaller:profileinstaller:1.3.1] AndroidManifest.xml:36:13-44
153            android:enabled="true"
153-->[androidx.profileinstaller:profileinstaller:1.3.1] AndroidManifest.xml:37:13-35
154            android:exported="true"
154-->[androidx.profileinstaller:profileinstaller:1.3.1] AndroidManifest.xml:38:13-36
155            android:permission="android.permission.DUMP" >
155-->[androidx.profileinstaller:profileinstaller:1.3.1] AndroidManifest.xml:39:13-57
156            <intent-filter>
156-->[androidx.profileinstaller:profileinstaller:1.3.1] AndroidManifest.xml:40:13-42:29
157                <action android:name="androidx.profileinstaller.action.INSTALL_PROFILE" />
157-->[androidx.profileinstaller:profileinstaller:1.3.1] AndroidManifest.xml:41:17-91
157-->[androidx.profileinstaller:profileinstaller:1.3.1] AndroidManifest.xml:41:25-88
158            </intent-filter>
159            <intent-filter>
159-->[androidx.profileinstaller:profileinstaller:1.3.1] AndroidManifest.xml:43:13-45:29
160                <action android:name="androidx.profileinstaller.action.SKIP_FILE" />
160-->[androidx.profileinstaller:profileinstaller:1.3.1] AndroidManifest.xml:44:17-85
160-->[androidx.profileinstaller:profileinstaller:1.3.1] AndroidManifest.xml:44:25-82
161            </intent-filter>
162            <intent-filter>
162-->[androidx.profileinstaller:profileinstaller:1.3.1] AndroidManifest.xml:46:13-48:29
163                <action android:name="androidx.profileinstaller.action.SAVE_PROFILE" />
163-->[androidx.profileinstaller:profileinstaller:1.3.1] AndroidManifest.xml:47:17-88
163-->[androidx.profileinstaller:profileinstaller:1.3.1] AndroidManifest.xml:47:25-85
164            </intent-filter>
165            <intent-filter>
165-->[androidx.profileinstaller:profileinstaller:1.3.1] AndroidManifest.xml:49:13-51:29
166                <action android:name="androidx.profileinstaller.action.BENCHMARK_OPERATION" />
166-->[androidx.profileinstaller:profileinstaller:1.3.1] AndroidManifest.xml:50:17-95
166-->[androidx.profileinstaller:profileinstaller:1.3.1] AndroidManifest.xml:50:25-92
167            </intent-filter>
168        </receiver>
169    </application>
170
171</manifest>